01:44:37.147 [DEBUG] [org.gradle.launcher.daemon.bootstrap.DaemonMain] Assuming the daemon was started with following jvm opts: [-XX:+HeapDumpOnOutOfMemoryError, -Xmx1024m, -Dfile.encoding=UTF-8, -Duser.country=US, -Duser.language=en, -Duser.variant]
01:44:37.307 [INFO] [org.gradle.launcher.daemon.server.Daemon] start() called on daemon - DefaultDaemonContext[uid=f0a48c39-2e8c-47c7-9a6b-716963112524,javaHome=/Library/Java/JavaVirtualMachines/jdk1.8.0_91.jdk/Contents/Home,daemonRegistryDir=/Users/psadavartia/Documents/code/railroad/daemon,pid=7765,idleTimeout=60000,daemonOpts=-XX:+HeapDumpOnOutOfMemoryError,-Xmx1024m,-Dfile.encoding=UTF-8,-Duser.country=US,-Duser.language=en,-Duser.variant]
01:44:37.346 [DEBUG] [org.gradle.internal.remote.internal.inet.InetAddresses] Adding IP addresses for network interface utun0
01:44:37.347 [DEBUG] [org.gradle.internal.remote.internal.inet.InetAddresses] Is this a loopback interface? false
01:44:37.347 [DEBUG] [org.gradle.internal.remote.internal.inet.InetAddresses] Is this a multicast interface? true
01:44:37.347 [DEBUG] [org.gradle.internal.remote.internal.inet.InetAddresses] Adding remote address /fe80:0:0:0:3336:c3a5:7c8:5edd%utun0
01:44:37.348 [DEBUG] [org.gradle.internal.remote.internal.inet.InetAddresses] Adding remote multicast interface utun0
01:44:37.350 [DEBUG] [org.gradle.internal.remote.internal.inet.InetAddresses] Adding IP addresses for network interface awdl0
01:44:37.350 [DEBUG] [org.gradle.internal.remote.internal.inet.InetAddresses] Is this a loopback interface? false
01:44:37.350 [DEBUG] [org.gradle.internal.remote.internal.inet.InetAddresses] Is this a multicast interface? true
01:44:37.351 [DEBUG] [org.gradle.internal.remote.internal.inet.InetAddresses] Adding remote address /fe80:0:0:0:8863:fdff:fe4a:d39%awdl0
01:44:37.351 [DEBUG] [org.gradle.internal.remote.internal.inet.InetAddresses] Adding remote multicast interface awdl0
01:44:37.351 [DEBUG] [org.gradle.internal.remote.internal.inet.InetAddresses] Adding IP addresses for network interface vnic1
01:44:37.352 [DEBUG] [org.gradle.internal.remote.internal.inet.InetAddresses] Is this a loopback interface? false
01:44:37.352 [DEBUG] [org.gradle.internal.remote.internal.inet.InetAddresses] Is this a multicast interface? true
01:44:37.353 [DEBUG] [org.gradle.internal.remote.internal.inet.InetAddresses] Adding remote address /10.37.129.2
01:44:37.354 [DEBUG] [org.gradle.internal.remote.internal.inet.InetAddresses] Adding remote multicast interface vnic1
01:44:37.354 [DEBUG] [org.gradle.internal.remote.internal.inet.InetAddresses] Adding IP addresses for network interface vnic0
01:44:37.355 [DEBUG] [org.gradle.internal.remote.internal.inet.InetAddresses] Is this a loopback interface? false
01:44:37.355 [DEBUG] [org.gradle.internal.remote.internal.inet.InetAddresses] Is this a multicast interface? true
01:44:37.356 [DEBUG] [org.gradle.internal.remote.internal.inet.InetAddresses] Adding remote address /10.211.55.2
01:44:37.356 [DEBUG] [org.gradle.internal.remote.internal.inet.InetAddresses] Adding remote multicast interface vnic0
01:44:37.356 [DEBUG] [org.gradle.internal.remote.internal.inet.InetAddresses] Adding IP addresses for network interface en0
01:44:37.356 [DEBUG] [org.gradle.internal.remote.internal.inet.InetAddresses] Is this a loopback interface? false
01:44:37.356 [DEBUG] [org.gradle.internal.remote.internal.inet.InetAddresses] Is this a multicast interface? true
01:44:37.357 [DEBUG] [org.gradle.internal.remote.internal.inet.InetAddresses] Adding remote address /fe80:0:0:0:a2:9713:6cee:d752%en0
01:44:37.357 [DEBUG] [org.gradle.internal.remote.internal.inet.InetAddresses] Adding remote address /192.168.0.101
01:44:37.357 [DEBUG] [org.gradle.internal.remote.internal.inet.InetAddresses] Adding remote multicast interface en0
01:44:37.357 [DEBUG] [org.gradle.internal.remote.internal.inet.InetAddresses] Adding IP addresses for network interface lo0
01:44:37.357 [DEBUG] [org.gradle.internal.remote.internal.inet.InetAddresses] Is this a loopback interface? true
01:44:37.358 [DEBUG] [org.gradle.internal.remote.internal.inet.InetAddresses] Is this a multicast interface? true
01:44:37.358 [DEBUG] [org.gradle.internal.remote.internal.inet.InetAddresses] Ignoring remote address on loopback interface /fe80:0:0:0:0:0:0:1%lo0
01:44:37.358 [DEBUG] [org.gradle.internal.remote.internal.inet.InetAddresses] Adding loopback address /0:0:0:0:0:0:0:1
01:44:37.359 [DEBUG] [org.gradle.internal.remote.internal.inet.InetAddresses] Adding loopback address /127.0.0.1
01:44:37.359 [DEBUG] [org.gradle.internal.remote.internal.inet.InetAddresses] Adding loopback multicast interface lo0
01:44:37.364 [DEBUG] [org.gradle.internal.remote.internal.inet.TcpIncomingConnector] Listening on [52de7372-b895-423c-91f3-e77b5800bbd2 port:57164, addresses:[/0:0:0:0:0:0:0:1, /127.0.0.1]].
01:44:37.371 [DEBUG] [org.gradle.launcher.daemon.server.Daemon] Daemon starting at: Wed Oct 17 01:44:37 PDT 2018, with address: [52de7372-b895-423c-91f3-e77b5800bbd2 port:57164, addresses:[/0:0:0:0:0:0:0:1, /127.0.0.1]]
01:44:37.371 [INFO] [org.gradle.launcher.daemon.server.DaemonRegistryUpdater] Advertising the daemon address to the clients: [52de7372-b895-423c-91f3-e77b5800bbd2 port:57164, addresses:[/0:0:0:0:0:0:0:1, /127.0.0.1]]
01:44:37.372 [DEBUG] [org.gradle.launcher.daemon.server.DaemonRegistryUpdater] Advertised daemon context: DefaultDaemonContext[uid=f0a48c39-2e8c-47c7-9a6b-716963112524,javaHome=/Library/Java/JavaVirtualMachines/jdk1.8.0_91.jdk/Contents/Home,daemonRegistryDir=/Users/psadavartia/Documents/code/railroad/daemon,pid=7765,idleTimeout=60000,daemonOpts=-XX:+HeapDumpOnOutOfMemoryError,-Xmx1024m,-Dfile.encoding=UTF-8,-Duser.country=US,-Duser.language=en,-Duser.variant]
01:44:37.374 [DEBUG] [org.gradle.launcher.daemon.registry.PersistentDaemonRegistry] Storing daemon address: [52de7372-b895-423c-91f3-e77b5800bbd2 port:57164, addresses:[/0:0:0:0:0:0:0:1, /127.0.0.1]], context: DefaultDaemonContext[uid=f0a48c39-2e8c-47c7-9a6b-716963112524,javaHome=/Library/Java/JavaVirtualMachines/jdk1.8.0_91.jdk/Contents/Home,daemonRegistryDir=/Users/psadavartia/Documents/code/railroad/daemon,pid=7765,idleTimeout=60000,daemonOpts=-XX:+HeapDumpOnOutOfMemoryError,-Xmx1024m,-Dfile.encoding=UTF-8,-Duser.country=US,-Duser.language=en,-Duser.variant]
01:44:37.389 [DEBUG] [org.gradle.cache.internal.DefaultFileLockManager] Waiting to acquire exclusive lock on daemon addresses registry.
01:44:37.392 [DEBUG] [org.gradle.cache.internal.DefaultFileLockManager] Lock acquired on daemon addresses registry.
01:44:37.400 [DEBUG] [org.gradle.cache.internal.DefaultFileLockManager] Releasing lock on daemon addresses registry.
01:44:37.401 [LIFECYCLE] [org.gradle.launcher.daemon.server.Daemon] Daemon server started.
01:44:37.403 [DEBUG] [org.gradle.launcher.daemon.bootstrap.DaemonStartupCommunication] Completed writing the daemon greeting. Closing streams...
01:44:37.409 [DEBUG] [org.gradle.internal.remote.internal.inet.TcpIncomingConnector] Accepted connection from /127.0.0.1:57165 to /127.0.0.1:57164.
01:44:37.411 [DEBUG] [org.gradle.launcher.daemon.server.Daemon] stopOnExpiration() called on daemon
01:44:37.413 [DEBUG] [org.gradle.launcher.daemon.server.Daemon] awaitExpiration() called on daemon
01:44:37.414 [DEBUG] [org.gradle.launcher.daemon.server.DaemonStateCoordinator] daemon is running. Sleeping until state changes.
01:44:37.492 [DEBUG] [org.gradle.launcher.daemon.server.SynchronizedDispatchConnection] thread 16: received class org.gradle.launcher.daemon.protocol.Build
01:44:37.492 [DEBUG] [org.gradle.launcher.daemon.server.DefaultDaemonConnection] thread 16: Received non-IO message from client: Build{id=64cd844a-bc03-4078-86e0-90ea8030ac1e, currentDir=/Users/psadavartia/Documents/code/railroad}
01:44:37.492 [INFO] [org.gradle.launcher.daemon.server.DefaultIncomingConnectionHandler] Received command: Build{id=64cd844a-bc03-4078-86e0-90ea8030ac1e, currentDir=/Users/psadavartia/Documents/code/railroad}.
01:44:37.493 [DEBUG] [org.gradle.launcher.daemon.server.DefaultIncomingConnectionHandler] Starting executing command: Build{id=64cd844a-bc03-4078-86e0-90ea8030ac1e, currentDir=/Users/psadavartia/Documents/code/railroad} with connection: socket connection from /127.0.0.1:57164 to /127.0.0.1:57165.
01:44:37.494 [ERROR] [org.gradle.launcher.daemon.server.DaemonStateCoordinator] Command execution: started DaemonCommandExecution[command = Build{id=64cd844a-bc03-4078-86e0-90ea8030ac1e, currentDir=/Users/psadavartia/Documents/code/railroad}, connection = DefaultDaemonConnection: socket connection from /127.0.0.1:57164 to /127.0.0.1:57165] after 0.0 minutes of idle
01:44:37.495 [INFO] [org.gradle.launcher.daemon.server.DaemonRegistryUpdater] Marking the daemon as busy, address: [52de7372-b895-423c-91f3-e77b5800bbd2 port:57164, addresses:[/0:0:0:0:0:0:0:1, /127.0.0.1]]
01:44:37.495 [DEBUG] [org.gradle.launcher.daemon.registry.PersistentDaemonRegistry] Marking busy by address: [52de7372-b895-423c-91f3-e77b5800bbd2 port:57164, addresses:[/0:0:0:0:0:0:0:1, /127.0.0.1]]
01:44:37.496 [DEBUG] [org.gradle.cache.internal.DefaultFileLockManager] Waiting to acquire exclusive lock on daemon addresses registry.
01:44:37.496 [DEBUG] [org.gradle.cache.internal.DefaultFileLockManager] Lock acquired on daemon addresses registry.
01:44:37.497 [DEBUG] [org.gradle.cache.internal.DefaultFileLockManager] Releasing lock on daemon addresses registry.
01:44:37.497 [DEBUG] [org.gradle.launcher.daemon.server.DaemonStateCoordinator] resetting idle timer
01:44:37.498 [DEBUG] [org.gradle.launcher.daemon.server.DaemonStateCoordinator] daemon is running. Sleeping until state changes.
01:44:37.498 [INFO] [org.gradle.launcher.daemon.server.exec.StartBuildOrRespondWithBusy] Daemon is about to start building Build{id=64cd844a-bc03-4078-86e0-90ea8030ac1e, currentDir=/Users/psadavartia/Documents/code/railroad}. Dispatching build started information...
01:44:37.498 [DEBUG] [org.gradle.launcher.daemon.server.SynchronizedDispatchConnection] thread 18: dispatching class org.gradle.launcher.daemon.protocol.BuildStarted
01:44:37.500 [DEBUG] [org.gradle.launcher.daemon.server.SynchronizedDispatchConnection] thread 16: received class org.gradle.launcher.daemon.protocol.CloseInput
01:44:37.501 [DEBUG] [org.gradle.launcher.daemon.server.exec.EstablishBuildEnvironment] Configuring env variables: {PATH=/usr/bin:/bin:/usr/sbin:/sbin, SSH_AUTH_SOCK=/private/tmp/com.apple.launchd.EnMfNFYbFM/Listeners, XPC_FLAGS=0x0, SHELL=/bin/bash, __CF_USER_TEXT_ENCODING=0x4A872414:0x0:0x0, Apple_PubSub_Socket_Render=/private/tmp/com.apple.launchd.oDNNyngnvg/Render, LOGNAME=psadavartia, USER=psadavartia, XPC_SERVICE_NAME=com.jetbrains.intellij.18600, HOME=/Users/psadavartia, TMPDIR=/var/folders/9_/3k852bfd2tg8l567k7jsjc3158f90m/T/}
01:44:37.501 [DEBUG] [org.gradle.launcher.daemon.server.DefaultDaemonConnection] thread 16: Received IO message from client: org.gradle.launcher.daemon.protocol.CloseInput@6662a372
01:44:37.509 [DEBUG] [org.gradle.launcher.daemon.server.exec.LogToClient] About to start relaying all logs to the client via the connection.
01:44:37.509 [INFO] [org.gradle.launcher.daemon.server.exec.LogToClient] The client will now receive all logging from the daemon (pid: 7765). The daemon log file: /Users/psadavartia/Documents/code/railroad/daemon/4.10.2/daemon-7765.out.log
01:44:37.511 [INFO] [org.gradle.launcher.daemon.server.exec.LogAndCheckHealth] Starting build in new daemon [memory: 954.7 MB]
01:44:37.513 [INFO] [org.gradle.launcher.daemon.server.exec.ForwardClientInput] Closing daemon's stdin at end of input.
01:44:37.513 [INFO] [org.gradle.launcher.daemon.server.exec.ForwardClientInput] The daemon will no longer process any standard input.
01:44:37.518 [DEBUG] [org.gradle.launcher.daemon.server.exec.ExecuteBuild] The daemon has started executing the build.
01:44:37.519 [DEBUG] [org.gradle.launcher.daemon.server.exec.ExecuteBuild] Executing build with daemon context: DefaultDaemonContext[uid=f0a48c39-2e8c-47c7-9a6b-716963112524,javaHome=/Library/Java/JavaVirtualMachines/jdk1.8.0_91.jdk/Contents/Home,daemonRegistryDir=/Users/psadavartia/Documents/code/railroad/daemon,pid=7765,idleTimeout=60000,daemonOpts=-XX:+HeapDumpOnOutOfMemoryError,-Xmx1024m,-Dfile.encoding=UTF-8,-Duser.country=US,-Duser.language=en,-Duser.variant]

BUILD SUCCESSFUL in 3s
1 actionable task: 1 executed
01:44:39.852 [DEBUG] [org.gradle.launcher.daemon.server.exec.ExecuteBuild] The daemon has finished executing the build.
01:44:39.855 [DEBUG] [org.gradle.launcher.daemon.server.DaemonStateCoordinator] daemon is running. Sleeping until state changes.
01:44:39.855 [DEBUG] [org.gradle.launcher.daemon.server.DaemonStateCoordinator] Command execution: finished waiting for DaemonCommandExecution[command = Build{id=64cd844a-bc03-4078-86e0-90ea8030ac1e, currentDir=/Users/psadavartia/Documents/code/railroad}, connection = DefaultDaemonConnection: socket connection from /127.0.0.1:57164 to /127.0.0.1:57165]. Result org.gradle.launcher.daemon.server.DaemonStateCoordinator@5a513173 with state Busy
01:44:39.856 [DEBUG] [org.gradle.launcher.daemon.server.DaemonStateCoordinator] Command execution: completed DaemonCommandExecution[command = Build{id=64cd844a-bc03-4078-86e0-90ea8030ac1e, currentDir=/Users/psadavartia/Documents/code/railroad}, connection = DefaultDaemonConnection: socket connection from /127.0.0.1:57164 to /127.0.0.1:57165]
01:44:39.856 [DEBUG] [org.gradle.launcher.daemon.server.DaemonStateCoordinator] resetting idle timer
01:44:39.856 [INFO] [org.gradle.launcher.daemon.server.DaemonRegistryUpdater] Marking the daemon as idle, address: [52de7372-b895-423c-91f3-e77b5800bbd2 port:57164, addresses:[/0:0:0:0:0:0:0:1, /127.0.0.1]]
01:44:39.856 [DEBUG] [org.gradle.launcher.daemon.registry.PersistentDaemonRegistry] Marking busy by address: [52de7372-b895-423c-91f3-e77b5800bbd2 port:57164, addresses:[/0:0:0:0:0:0:0:1, /127.0.0.1]]
01:44:39.856 [DEBUG] [org.gradle.cache.internal.DefaultFileLockManager] Waiting to acquire exclusive lock on daemon addresses registry.
01:44:39.857 [DEBUG] [org.gradle.cache.internal.DefaultFileLockManager] Lock acquired on daemon addresses registry.
01:44:39.857 [DEBUG] [org.gradle.cache.internal.DefaultFileLockManager] Releasing lock on daemon addresses registry.
01:44:39.857 [DEBUG] [org.gradle.launcher.daemon.server.DaemonStateCoordinator] daemon is running. Sleeping until state changes.
01:44:39.858 [DEBUG] [org.gradle.launcher.daemon.server.exec.ReturnResult] Daemon is dispatching the build result: Success[value=org.gradle.tooling.internal.provider.BuildActionResult@1d8285e4]
01:44:39.858 [DEBUG] [org.gradle.launcher.daemon.server.SynchronizedDispatchConnection] thread 15: dispatching class org.gradle.launcher.daemon.protocol.Success
01:44:39.859 [DEBUG] [org.gradle.launcher.daemon.server.DefaultIncomingConnectionHandler] Finishing executing command: Build{id=64cd844a-bc03-4078-86e0-90ea8030ac1e, currentDir=/Users/psadavartia/Documents/code/railroad}
01:44:39.862 [DEBUG] [org.gradle.launcher.daemon.server.SynchronizedDispatchConnection] thread 16: received class org.gradle.launcher.daemon.protocol.Finished
01:44:39.863 [DEBUG] [org.gradle.launcher.daemon.server.DefaultDaemonConnection] thread 16: Received non-IO message from client: org.gradle.launcher.daemon.protocol.Finished@2cd2efad
01:44:39.863 [DEBUG] [org.gradle.launcher.daemon.server.DefaultIncomingConnectionHandler] Received finished message: org.gradle.launcher.daemon.protocol.Finished@2cd2efad
01:44:39.863 [DEBUG] [org.gradle.launcher.daemon.server.SynchronizedDispatchConnection] thread 15: stopping connection
01:44:39.863 [DEBUG] [org.gradle.internal.remote.internal.inet.SocketConnection] Discarding EOFException: java.io.EOFException
01:44:39.864 [DEBUG] [org.gradle.launcher.daemon.server.SynchronizedDispatchConnection] thread 16: received null
01:44:39.864 [DEBUG] [org.gradle.launcher.daemon.server.DefaultDaemonConnection] thread 16: Received end-of-input from client.
01:44:39.867 [DEBUG] [org.gradle.launcher.daemon.server.SynchronizedDispatchConnection] thread 15: stopping connection
01:44:42.655 [DEBUG] [org.gradle.internal.remote.internal.inet.TcpIncomingConnector] Accepted connection from /127.0.0.1:57170 to /127.0.0.1:57164.
01:44:42.658 [DEBUG] [org.gradle.launcher.daemon.server.SynchronizedDispatchConnection] thread 37: received class org.gradle.launcher.daemon.protocol.Build
01:44:42.658 [DEBUG] [org.gradle.launcher.daemon.server.DefaultDaemonConnection] thread 37: Received non-IO message from client: Build{id=f8d4cf6f-3cf2-4372-9f9b-14c5bbfbf4c2, currentDir=/Users/psadavartia/Documents/code/railroad}
01:44:42.659 [INFO] [org.gradle.launcher.daemon.server.DefaultIncomingConnectionHandler] Received command: Build{id=f8d4cf6f-3cf2-4372-9f9b-14c5bbfbf4c2, currentDir=/Users/psadavartia/Documents/code/railroad}.
01:44:42.659 [DEBUG] [org.gradle.launcher.daemon.server.DefaultIncomingConnectionHandler] Starting executing command: Build{id=f8d4cf6f-3cf2-4372-9f9b-14c5bbfbf4c2, currentDir=/Users/psadavartia/Documents/code/railroad} with connection: socket connection from /127.0.0.1:57164 to /127.0.0.1:57170.
01:44:42.659 [ERROR] [org.gradle.launcher.daemon.server.DaemonStateCoordinator] Command execution: started DaemonCommandExecution[command = Build{id=f8d4cf6f-3cf2-4372-9f9b-14c5bbfbf4c2, currentDir=/Users/psadavartia/Documents/code/railroad}, connection = DefaultDaemonConnection: socket connection from /127.0.0.1:57164 to /127.0.0.1:57170] after 0.0 minutes of idle
01:44:42.659 [INFO] [org.gradle.launcher.daemon.server.DaemonRegistryUpdater] Marking the daemon as busy, address: [52de7372-b895-423c-91f3-e77b5800bbd2 port:57164, addresses:[/0:0:0:0:0:0:0:1, /127.0.0.1]]
01:44:42.659 [DEBUG] [org.gradle.launcher.daemon.registry.PersistentDaemonRegistry] Marking busy by address: [52de7372-b895-423c-91f3-e77b5800bbd2 port:57164, addresses:[/0:0:0:0:0:0:0:1, /127.0.0.1]]
01:44:42.660 [DEBUG] [org.gradle.cache.internal.DefaultFileLockManager] Waiting to acquire exclusive lock on daemon addresses registry.
01:44:42.660 [DEBUG] [org.gradle.cache.internal.DefaultFileLockManager] Lock acquired on daemon addresses registry.
01:44:42.660 [DEBUG] [org.gradle.cache.internal.DefaultFileLockManager] Releasing lock on daemon addresses registry.
01:44:42.661 [DEBUG] [org.gradle.launcher.daemon.server.DaemonStateCoordinator] resetting idle timer
01:44:42.661 [DEBUG] [org.gradle.launcher.daemon.server.DaemonStateCoordinator] daemon is running. Sleeping until state changes.
01:44:42.661 [INFO] [org.gradle.launcher.daemon.server.exec.StartBuildOrRespondWithBusy] Daemon is about to start building Build{id=f8d4cf6f-3cf2-4372-9f9b-14c5bbfbf4c2, currentDir=/Users/psadavartia/Documents/code/railroad}. Dispatching build started information...
01:44:42.661 [DEBUG] [org.gradle.launcher.daemon.server.SynchronizedDispatchConnection] thread 18: dispatching class org.gradle.launcher.daemon.protocol.BuildStarted
01:44:42.661 [DEBUG] [org.gradle.launcher.daemon.server.exec.EstablishBuildEnvironment] Configuring env variables: {PATH=/usr/bin:/bin:/usr/sbin:/sbin, SSH_AUTH_SOCK=/private/tmp/com.apple.launchd.EnMfNFYbFM/Listeners, XPC_FLAGS=0x0, SHELL=/bin/bash, __CF_USER_TEXT_ENCODING=0x4A872414:0x0:0x0, Apple_PubSub_Socket_Render=/private/tmp/com.apple.launchd.oDNNyngnvg/Render, LOGNAME=psadavartia, USER=psadavartia, XPC_SERVICE_NAME=com.jetbrains.intellij.18600, HOME=/Users/psadavartia, TMPDIR=/var/folders/9_/3k852bfd2tg8l567k7jsjc3158f90m/T/}
01:44:42.662 [DEBUG] [org.gradle.launcher.daemon.server.SynchronizedDispatchConnection] thread 37: received class org.gradle.launcher.daemon.protocol.CloseInput
01:44:42.662 [DEBUG] [org.gradle.launcher.daemon.server.DefaultDaemonConnection] thread 37: Received IO message from client: org.gradle.launcher.daemon.protocol.CloseInput@1fe1a71b
01:44:42.662 [DEBUG] [org.gradle.launcher.daemon.server.exec.LogToClient] About to start relaying all logs to the client via the connection.
01:44:42.662 [INFO] [org.gradle.launcher.daemon.server.exec.LogToClient] The client will now receive all logging from the daemon (pid: 7765). The daemon log file: /Users/psadavartia/Documents/code/railroad/daemon/4.10.2/daemon-7765.out.log
01:44:42.663 [INFO] [org.gradle.launcher.daemon.server.exec.LogAndCheckHealth] Starting 2nd build in daemon [uptime: 5.484 secs, performance: 96%, no major garbage collections]
01:44:42.663 [DEBUG] [org.gradle.launcher.daemon.server.exec.ExecuteBuild] The daemon has started executing the build.
01:44:42.664 [INFO] [org.gradle.launcher.daemon.server.exec.ForwardClientInput] Closing daemon's stdin at end of input.
01:44:42.664 [DEBUG] [org.gradle.launcher.daemon.server.exec.ExecuteBuild] Executing build with daemon context: DefaultDaemonContext[uid=f0a48c39-2e8c-47c7-9a6b-716963112524,javaHome=/Library/Java/JavaVirtualMachines/jdk1.8.0_91.jdk/Contents/Home,daemonRegistryDir=/Users/psadavartia/Documents/code/railroad/daemon,pid=7765,idleTimeout=60000,daemonOpts=-XX:+HeapDumpOnOutOfMemoryError,-Xmx1024m,-Dfile.encoding=UTF-8,-Duser.country=US,-Duser.language=en,-Duser.variant]
01:44:42.664 [INFO] [org.gradle.launcher.daemon.server.exec.ForwardClientInput] The daemon will no longer process any standard input.

BUILD SUCCESSFUL in 1s
3 actionable tasks: 3 executed
01:44:44.398 [DEBUG] [org.gradle.launcher.daemon.server.exec.ExecuteBuild] The daemon has finished executing the build.
01:44:44.411 [DEBUG] [org.gradle.launcher.daemon.server.DaemonStateCoordinator] Command execution: finished waiting for DaemonCommandExecution[command = Build{id=f8d4cf6f-3cf2-4372-9f9b-14c5bbfbf4c2, currentDir=/Users/psadavartia/Documents/code/railroad}, connection = DefaultDaemonConnection: socket connection from /127.0.0.1:57164 to /127.0.0.1:57170]. Result org.gradle.launcher.daemon.server.DaemonStateCoordinator@5a513173 with state Busy
01:44:44.411 [DEBUG] [org.gradle.launcher.daemon.server.DaemonStateCoordinator] Command execution: completed DaemonCommandExecution[command = Build{id=f8d4cf6f-3cf2-4372-9f9b-14c5bbfbf4c2, currentDir=/Users/psadavartia/Documents/code/railroad}, connection = DefaultDaemonConnection: socket connection from /127.0.0.1:57164 to /127.0.0.1:57170]
01:44:44.411 [DEBUG] [org.gradle.launcher.daemon.server.DaemonStateCoordinator] resetting idle timer
01:44:44.411 [INFO] [org.gradle.launcher.daemon.server.DaemonRegistryUpdater] Marking the daemon as idle, address: [52de7372-b895-423c-91f3-e77b5800bbd2 port:57164, addresses:[/0:0:0:0:0:0:0:1, /127.0.0.1]]
01:44:44.411 [DEBUG] [org.gradle.launcher.daemon.registry.PersistentDaemonRegistry] Marking busy by address: [52de7372-b895-423c-91f3-e77b5800bbd2 port:57164, addresses:[/0:0:0:0:0:0:0:1, /127.0.0.1]]
01:44:44.412 [DEBUG] [org.gradle.cache.internal.DefaultFileLockManager] Waiting to acquire exclusive lock on daemon addresses registry.
01:44:44.412 [DEBUG] [org.gradle.cache.internal.DefaultFileLockManager] Lock acquired on daemon addresses registry.
01:44:44.413 [DEBUG] [org.gradle.cache.internal.DefaultFileLockManager] Releasing lock on daemon addresses registry.
01:44:44.413 [DEBUG] [org.gradle.launcher.daemon.server.DaemonStateCoordinator] daemon is running. Sleeping until state changes.
01:44:44.413 [DEBUG] [org.gradle.launcher.daemon.server.exec.ReturnResult] Daemon is dispatching the build result: Success[value=org.gradle.tooling.internal.provider.BuildActionResult@58a3633]
01:44:44.413 [DEBUG] [org.gradle.launcher.daemon.server.SynchronizedDispatchConnection] thread 15: dispatching class org.gradle.launcher.daemon.protocol.Success
01:44:44.414 [DEBUG] [org.gradle.launcher.daemon.server.DefaultIncomingConnectionHandler] Finishing executing command: Build{id=f8d4cf6f-3cf2-4372-9f9b-14c5bbfbf4c2, currentDir=/Users/psadavartia/Documents/code/railroad}
01:44:44.415 [DEBUG] [org.gradle.launcher.daemon.server.SynchronizedDispatchConnection] thread 37: received class org.gradle.launcher.daemon.protocol.Finished
01:44:44.415 [DEBUG] [org.gradle.launcher.daemon.server.DefaultDaemonConnection] thread 37: Received non-IO message from client: org.gradle.launcher.daemon.protocol.Finished@11265a97
01:44:44.415 [DEBUG] [org.gradle.launcher.daemon.server.DefaultIncomingConnectionHandler] Received finished message: org.gradle.launcher.daemon.protocol.Finished@11265a97
01:44:44.415 [DEBUG] [org.gradle.internal.remote.internal.inet.SocketConnection] Discarding EOFException: java.io.EOFException
01:44:44.416 [DEBUG] [org.gradle.launcher.daemon.server.SynchronizedDispatchConnection] thread 37: received null
01:44:44.416 [DEBUG] [org.gradle.launcher.daemon.server.DefaultDaemonConnection] thread 37: Received end-of-input from client.
01:44:44.416 [DEBUG] [org.gradle.launcher.daemon.server.SynchronizedDispatchConnection] thread 15: stopping connection
01:44:44.417 [DEBUG] [org.gradle.launcher.daemon.server.SynchronizedDispatchConnection] thread 15: stopping connection
01:44:47.416 [DEBUG] [org.gradle.launcher.daemon.server.Daemon] DaemonExpirationPeriodicCheck running
01:44:47.418 [DEBUG] [org.gradle.cache.internal.DefaultFileLockManager] Waiting to acquire shared lock on daemon addresses registry.
01:44:47.418 [DEBUG] [org.gradle.cache.internal.DefaultFileLockManager] Lock acquired on daemon addresses registry.
01:44:47.418 [DEBUG] [org.gradle.cache.internal.DefaultFileLockManager] Releasing lock on daemon addresses registry.
01:44:47.419 [DEBUG] [org.gradle.cache.internal.DefaultFileLockManager] Waiting to acquire shared lock on daemon addresses registry.
01:44:47.419 [DEBUG] [org.gradle.cache.internal.DefaultFileLockManager] Lock acquired on daemon addresses registry.
01:44:47.420 [DEBUG] [org.gradle.cache.internal.DefaultFileLockManager] Releasing lock on daemon addresses registry.
01:44:47.904 [DEBUG] [org.gradle.process.internal.health.memory.MemoryManager] Emitting OS memory status event {Total: 17179869184, Free: 5762441216}
01:44:47.904 [DEBUG] [org.gradle.launcher.daemon.server.health.LowMemoryDaemonExpirationStrategy] Received memory status update: {Total: 17179869184, Free: 5762441216}
01:44:47.904 [DEBUG] [org.gradle.process.internal.health.memory.MemoryManager] Emitting JVM memory status event {Maximum: 954728448, Committed: 439353344}
01:44:52.902 [DEBUG] [org.gradle.process.internal.health.memory.MemoryManager] Emitting OS memory status event {Total: 17179869184, Free: 5709045760}
01:44:52.902 [DEBUG] [org.gradle.launcher.daemon.server.health.LowMemoryDaemonExpirationStrategy] Received memory status update: {Total: 17179869184, Free: 5709045760}
01:44:52.902 [DEBUG] [org.gradle.process.internal.health.memory.MemoryManager] Emitting JVM memory status event {Maximum: 954728448, Committed: 439353344}
01:44:57.415 [DEBUG] [org.gradle.launcher.daemon.server.Daemon] DaemonExpirationPeriodicCheck running
01:44:57.415 [DEBUG] [org.gradle.cache.internal.DefaultFileLockManager] Waiting to acquire shared lock on daemon addresses registry.
01:44:57.415 [DEBUG] [org.gradle.cache.internal.DefaultFileLockManager] Lock acquired on daemon addresses registry.
01:44:57.416 [DEBUG] [org.gradle.cache.internal.DefaultFileLockManager] Releasing lock on daemon addresses registry.
01:44:57.416 [DEBUG] [org.gradle.cache.internal.DefaultFileLockManager] Waiting to acquire shared lock on daemon addresses registry.
01:44:57.417 [DEBUG] [org.gradle.cache.internal.DefaultFileLockManager] Lock acquired on daemon addresses registry.
01:44:57.417 [DEBUG] [org.gradle.cache.internal.DefaultFileLockManager] Releasing lock on daemon addresses registry.
01:44:57.417 [DEBUG] [org.gradle.cache.internal.DefaultFileLockManager] Waiting to acquire shared lock on daemon addresses registry.
01:44:57.417 [DEBUG] [org.gradle.cache.internal.DefaultFileLockManager] Lock acquired on daemon addresses registry.
01:44:57.418 [DEBUG] [org.gradle.cache.internal.DefaultFileLockManager] Releasing lock on daemon addresses registry.
01:44:57.900 [DEBUG] [org.gradle.process.internal.health.memory.MemoryManager] Emitting OS memory status event {Total: 17179869184, Free: 5576523776}
01:44:57.900 [DEBUG] [org.gradle.launcher.daemon.server.health.LowMemoryDaemonExpirationStrategy] Received memory status update: {Total: 17179869184, Free: 5576523776}
01:44:57.900 [DEBUG] [org.gradle.process.internal.health.memory.MemoryManager] Emitting JVM memory status event {Maximum: 954728448, Committed: 439353344}
01:45:02.901 [DEBUG] [org.gradle.process.internal.health.memory.MemoryManager] Emitting OS memory status event {Total: 17179869184, Free: 5572861952}
01:45:02.901 [DEBUG] [org.gradle.launcher.daemon.server.health.LowMemoryDaemonExpirationStrategy] Received memory status update: {Total: 17179869184, Free: 5572861952}
01:45:02.901 [DEBUG] [org.gradle.process.internal.health.memory.MemoryManager] Emitting JVM memory status event {Maximum: 954728448, Committed: 439353344}
01:45:07.416 [DEBUG] [org.gradle.launcher.daemon.server.Daemon] DaemonExpirationPeriodicCheck running
01:45:07.417 [DEBUG] [org.gradle.cache.internal.DefaultFileLockManager] Waiting to acquire shared lock on daemon addresses registry.
01:45:07.418 [DEBUG] [org.gradle.cache.internal.DefaultFileLockManager] Lock acquired on daemon addresses registry.
01:45:07.418 [DEBUG] [org.gradle.cache.internal.DefaultFileLockManager] Releasing lock on daemon addresses registry.
01:45:07.419 [DEBUG] [org.gradle.cache.internal.DefaultFileLockManager] Waiting to acquire shared lock on daemon addresses registry.
01:45:07.419 [DEBUG] [org.gradle.cache.internal.DefaultFileLockManager] Lock acquired on daemon addresses registry.
01:45:07.419 [DEBUG] [org.gradle.cache.internal.DefaultFileLockManager] Releasing lock on daemon addresses registry.
01:45:07.419 [DEBUG] [org.gradle.cache.internal.DefaultFileLockManager] Waiting to acquire shared lock on daemon addresses registry.
01:45:07.420 [DEBUG] [org.gradle.cache.internal.DefaultFileLockManager] Lock acquired on daemon addresses registry.
01:45:07.420 [DEBUG] [org.gradle.cache.internal.DefaultFileLockManager] Releasing lock on daemon addresses registry.
01:45:07.902 [DEBUG] [org.gradle.process.internal.health.memory.MemoryManager] Emitting OS memory status event {Total: 17179869184, Free: 5442985984}
01:45:07.902 [DEBUG] [org.gradle.launcher.daemon.server.health.LowMemoryDaemonExpirationStrategy] Received memory status update: {Total: 17179869184, Free: 5442985984}
01:45:07.902 [DEBUG] [org.gradle.process.internal.health.memory.MemoryManager] Emitting JVM memory status event {Maximum: 954728448, Committed: 439353344}
01:45:12.899 [DEBUG] [org.gradle.process.internal.health.memory.MemoryManager] Emitting OS memory status event {Total: 17179869184, Free: 5267283968}
01:45:12.899 [DEBUG] [org.gradle.launcher.daemon.server.health.LowMemoryDaemonExpirationStrategy] Received memory status update: {Total: 17179869184, Free: 5267283968}
01:45:12.899 [DEBUG] [org.gradle.process.internal.health.memory.MemoryManager] Emitting JVM memory status event {Maximum: 954728448, Committed: 439353344}
01:45:17.412 [DEBUG] [org.gradle.launcher.daemon.server.Daemon] DaemonExpirationPeriodicCheck running
01:45:17.412 [DEBUG] [org.gradle.cache.internal.DefaultFileLockManager] Waiting to acquire shared lock on daemon addresses registry.
01:45:17.413 [DEBUG] [org.gradle.cache.internal.DefaultFileLockManager] Lock acquired on daemon addresses registry.
01:45:17.413 [DEBUG] [org.gradle.cache.internal.DefaultFileLockManager] Releasing lock on daemon addresses registry.
01:45:17.413 [DEBUG] [org.gradle.cache.internal.DefaultFileLockManager] Waiting to acquire shared lock on daemon addresses registry.
01:45:17.413 [DEBUG] [org.gradle.cache.internal.DefaultFileLockManager] Lock acquired on daemon addresses registry.
01:45:17.414 [DEBUG] [org.gradle.cache.internal.DefaultFileLockManager] Releasing lock on daemon addresses registry.
01:45:17.414 [DEBUG] [org.gradle.cache.internal.DefaultFileLockManager] Waiting to acquire shared lock on daemon addresses registry.
01:45:17.414 [DEBUG] [org.gradle.cache.internal.DefaultFileLockManager] Lock acquired on daemon addresses registry.
01:45:17.415 [DEBUG] [org.gradle.cache.internal.DefaultFileLockManager] Releasing lock on daemon addresses registry.
01:45:17.901 [DEBUG] [org.gradle.process.internal.health.memory.MemoryManager] Emitting OS memory status event {Total: 17179869184, Free: 5297180672}
01:45:17.901 [DEBUG] [org.gradle.launcher.daemon.server.health.LowMemoryDaemonExpirationStrategy] Received memory status update: {Total: 17179869184, Free: 5297180672}
01:45:17.901 [DEBUG] [org.gradle.process.internal.health.memory.MemoryManager] Emitting JVM memory status event {Maximum: 954728448, Committed: 439353344}
01:45:22.898 [DEBUG] [org.gradle.process.internal.health.memory.MemoryManager] Emitting OS memory status event {Total: 17179869184, Free: 5319991296}
01:45:22.898 [DEBUG] [org.gradle.launcher.daemon.server.health.LowMemoryDaemonExpirationStrategy] Received memory status update: {Total: 17179869184, Free: 5319991296}
01:45:22.898 [DEBUG] [org.gradle.process.internal.health.memory.MemoryManager] Emitting JVM memory status event {Maximum: 954728448, Committed: 439353344}
01:45:27.416 [DEBUG] [org.gradle.launcher.daemon.server.Daemon] DaemonExpirationPeriodicCheck running
01:45:27.416 [DEBUG] [org.gradle.cache.internal.DefaultFileLockManager] Waiting to acquire shared lock on daemon addresses registry.
01:45:27.416 [DEBUG] [org.gradle.cache.internal.DefaultFileLockManager] Lock acquired on daemon addresses registry.
01:45:27.416 [DEBUG] [org.gradle.cache.internal.DefaultFileLockManager] Releasing lock on daemon addresses registry.
01:45:27.417 [DEBUG] [org.gradle.cache.internal.DefaultFileLockManager] Waiting to acquire shared lock on daemon addresses registry.
01:45:27.417 [DEBUG] [org.gradle.cache.internal.DefaultFileLockManager] Lock acquired on daemon addresses registry.
01:45:27.417 [DEBUG] [org.gradle.cache.internal.DefaultFileLockManager] Releasing lock on daemon addresses registry.
01:45:27.417 [DEBUG] [org.gradle.cache.internal.DefaultFileLockManager] Waiting to acquire shared lock on daemon addresses registry.
01:45:27.417 [DEBUG] [org.gradle.cache.internal.DefaultFileLockManager] Lock acquired on daemon addresses registry.
01:45:27.418 [DEBUG] [org.gradle.cache.internal.DefaultFileLockManager] Releasing lock on daemon addresses registry.
01:45:27.902 [DEBUG] [org.gradle.process.internal.health.memory.MemoryManager] Emitting OS memory status event {Total: 17179869184, Free: 5376598016}
01:45:27.902 [DEBUG] [org.gradle.launcher.daemon.server.health.LowMemoryDaemonExpirationStrategy] Received memory status update: {Total: 17179869184, Free: 5376598016}
01:45:27.902 [DEBUG] [org.gradle.process.internal.health.memory.MemoryManager] Emitting JVM memory status event {Maximum: 954728448, Committed: 439353344}
01:45:32.901 [DEBUG] [org.gradle.process.internal.health.memory.MemoryManager] Emitting OS memory status event {Total: 17179869184, Free: 5159714816}
01:45:32.901 [DEBUG] [org.gradle.launcher.daemon.server.health.LowMemoryDaemonExpirationStrategy] Received memory status update: {Total: 17179869184, Free: 5159714816}
01:45:32.901 [DEBUG] [org.gradle.process.internal.health.memory.MemoryManager] Emitting JVM memory status event {Maximum: 954728448, Committed: 439353344}
01:45:37.414 [DEBUG] [org.gradle.launcher.daemon.server.Daemon] DaemonExpirationPeriodicCheck running
01:45:37.414 [DEBUG] [org.gradle.cache.internal.DefaultFileLockManager] Waiting to acquire shared lock on daemon addresses registry.
01:45:37.414 [DEBUG] [org.gradle.cache.internal.DefaultFileLockManager] Lock acquired on daemon addresses registry.
01:45:37.415 [DEBUG] [org.gradle.cache.internal.DefaultFileLockManager] Releasing lock on daemon addresses registry.
01:45:37.415 [DEBUG] [org.gradle.cache.internal.DefaultFileLockManager] Waiting to acquire shared lock on daemon addresses registry.
01:45:37.415 [DEBUG] [org.gradle.cache.internal.DefaultFileLockManager] Lock acquired on daemon addresses registry.
01:45:37.415 [DEBUG] [org.gradle.cache.internal.DefaultFileLockManager] Releasing lock on daemon addresses registry.
01:45:37.416 [DEBUG] [org.gradle.cache.internal.DefaultFileLockManager] Waiting to acquire shared lock on daemon addresses registry.
01:45:37.416 [DEBUG] [org.gradle.cache.internal.DefaultFileLockManager] Lock acquired on daemon addresses registry.
01:45:37.416 [DEBUG] [org.gradle.cache.internal.DefaultFileLockManager] Releasing lock on daemon addresses registry.
01:45:37.898 [DEBUG] [org.gradle.process.internal.health.memory.MemoryManager] Emitting OS memory status event {Total: 17179869184, Free: 5189128192}
01:45:37.898 [DEBUG] [org.gradle.launcher.daemon.server.health.LowMemoryDaemonExpirationStrategy] Received memory status update: {Total: 17179869184, Free: 5189128192}
01:45:37.898 [DEBUG] [org.gradle.process.internal.health.memory.MemoryManager] Emitting JVM memory status event {Maximum: 954728448, Committed: 439353344}
01:45:42.901 [DEBUG] [org.gradle.process.internal.health.memory.MemoryManager] Emitting OS memory status event {Total: 17179869184, Free: 5317394432}
01:45:42.901 [DEBUG] [org.gradle.launcher.daemon.server.health.LowMemoryDaemonExpirationStrategy] Received memory status update: {Total: 17179869184, Free: 5317394432}
01:45:42.901 [DEBUG] [org.gradle.process.internal.health.memory.MemoryManager] Emitting JVM memory status event {Maximum: 954728448, Committed: 439353344}
01:45:47.413 [DEBUG] [org.gradle.launcher.daemon.server.Daemon] DaemonExpirationPeriodicCheck running
01:45:47.413 [DEBUG] [org.gradle.cache.internal.DefaultFileLockManager] Waiting to acquire shared lock on daemon addresses registry.
01:45:47.413 [DEBUG] [org.gradle.cache.internal.DefaultFileLockManager] Lock acquired on daemon addresses registry.
01:45:47.414 [DEBUG] [org.gradle.cache.internal.DefaultFileLockManager] Releasing lock on daemon addresses registry.
01:45:47.414 [DEBUG] [org.gradle.cache.internal.DefaultFileLockManager] Waiting to acquire shared lock on daemon addresses registry.
01:45:47.415 [DEBUG] [org.gradle.cache.internal.DefaultFileLockManager] Lock acquired on daemon addresses registry.
01:45:47.415 [DEBUG] [org.gradle.cache.internal.DefaultFileLockManager] Releasing lock on daemon addresses registry.
01:45:47.415 [DEBUG] [org.gradle.cache.internal.DefaultFileLockManager] Waiting to acquire shared lock on daemon addresses registry.
01:45:47.415 [DEBUG] [org.gradle.cache.internal.DefaultFileLockManager] Lock acquired on daemon addresses registry.
01:45:47.415 [DEBUG] [org.gradle.cache.internal.DefaultFileLockManager] Releasing lock on daemon addresses registry.
01:45:47.416 [LIFECYCLE] [org.gradle.launcher.daemon.server.DaemonStateCoordinator] Daemon will be stopped at the end of the build after being idle for 1 minutes
01:45:47.416 [DEBUG] [org.gradle.launcher.daemon.server.DaemonStateCoordinator] Marking daemon stopped due to after being idle for 1 minutes. The daemon is running a build: false
01:45:47.416 [DEBUG] [org.gradle.launcher.daemon.server.DaemonStateCoordinator] daemon has stopped.
01:45:47.416 [DEBUG] [org.gradle.launcher.daemon.server.Daemon] stop() called on daemon
01:45:47.416 [INFO] [org.gradle.launcher.daemon.server.Daemon] Stop requested. Daemon is removing its presence from the registry...
01:45:47.417 [DEBUG] [org.gradle.launcher.daemon.server.DaemonRegistryUpdater] Removing our presence to clients, eg. removing this address from the registry: [52de7372-b895-423c-91f3-e77b5800bbd2 port:57164, addresses:[/0:0:0:0:0:0:0:1, /127.0.0.1]]
01:45:47.417 [DEBUG] [org.gradle.launcher.daemon.registry.PersistentDaemonRegistry] Removing daemon address: [52de7372-b895-423c-91f3-e77b5800bbd2 port:57164, addresses:[/0:0:0:0:0:0:0:1, /127.0.0.1]]
01:45:47.417 [DEBUG] [org.gradle.cache.internal.DefaultFileLockManager] Waiting to acquire exclusive lock on daemon addresses registry.
01:45:47.418 [DEBUG] [org.gradle.cache.internal.DefaultFileLockManager] Lock acquired on daemon addresses registry.
01:45:47.418 [DEBUG] [org.gradle.cache.internal.DefaultFileLockManager] Releasing lock on daemon addresses registry.
01:45:47.419 [DEBUG] [org.gradle.launcher.daemon.server.DaemonRegistryUpdater] Address removed from registry.
01:45:47.421 [DEBUG] [org.gradle.cache.internal.LockOnDemandCrossProcessCacheAccess] Releasing file lock for Artifact transforms cache (/Users/psadavartia/Documents/code/railroad/caches/transforms-1)
01:45:47.422 [DEBUG] [org.gradle.cache.internal.DefaultFileLockManager] Releasing lock on Artifact transforms cache (/Users/psadavartia/Documents/code/railroad/caches/transforms-1).
01:45:47.422 [DEBUG] [org.gradle.cache.internal.DefaultPersistentDirectoryStore] Artifact transforms cache (/Users/psadavartia/Documents/code/railroad/caches/transforms-1) has last been fully cleaned up 3 hours ago
01:45:47.422 [DEBUG] [org.gradle.cache.internal.LockOnDemandCrossProcessCacheAccess] Releasing file lock for file content cache (/Users/psadavartia/Documents/code/railroad/caches/4.10.2/fileContent)
01:45:47.422 [DEBUG] [org.gradle.cache.internal.DefaultFileLockManager] Releasing lock on file content cache (/Users/psadavartia/Documents/code/railroad/caches/4.10.2/fileContent).
01:45:47.423 [DEBUG] [org.gradle.cache.internal.LockOnDemandCrossProcessCacheAccess] Releasing file lock for Java compile cache (/Users/psadavartia/Documents/code/railroad/caches/4.10.2/javaCompile)
01:45:47.423 [DEBUG] [org.gradle.cache.internal.DefaultFileLockManager] Releasing lock on Java compile cache (/Users/psadavartia/Documents/code/railroad/caches/4.10.2/javaCompile).
01:45:47.424 [DEBUG] [org.gradle.cache.internal.DefaultPersistentDirectoryStore] jars (/Users/psadavartia/Documents/code/railroad/caches/jars-3) has last been fully cleaned up 3 hours ago
01:45:47.424 [DEBUG] [org.gradle.cache.internal.DefaultCacheAccess] Cache jars (/Users/psadavartia/Documents/code/railroad/caches/jars-3) was closed 0 times.
01:45:47.424 [DEBUG] [org.gradle.cache.internal.LockOnDemandCrossProcessCacheAccess] Releasing file lock for file hash cache (/Users/psadavartia/Documents/code/railroad/caches/4.10.2/fileHashes)
01:45:47.424 [DEBUG] [org.gradle.cache.internal.btree.BTreePersistentIndexedCache] Closing cache fileHashes.bin (/Users/psadavartia/Documents/code/railroad/caches/4.10.2/fileHashes/fileHashes.bin)
01:45:47.425 [DEBUG] [org.gradle.cache.internal.DefaultFileLockManager] Releasing lock on file hash cache (/Users/psadavartia/Documents/code/railroad/caches/4.10.2/fileHashes).
01:45:47.425 [DEBUG] [org.gradle.cache.internal.DefaultCacheAccess] Cache Generated Gradle JARs cache (/Users/psadavartia/Documents/code/railroad/caches/4.10.2/generated-gradle-jars) was closed 0 times.
01:45:47.425 [DEBUG] [org.gradle.cache.internal.DefaultPersistentDirectoryStore] artifact cache (/Users/psadavartia/Documents/code/railroad/caches/modules-2) has last been fully cleaned up 3 hours ago
01:45:47.425 [DEBUG] [org.gradle.cache.internal.DefaultCacheAccess] Cache artifact cache (/Users/psadavartia/Documents/code/railroad/caches/modules-2) was closed 0 times.
01:45:47.425 [DEBUG] [org.gradle.cache.internal.LockOnDemandCrossProcessCacheAccess] Releasing file lock for journal cache (/Users/psadavartia/Documents/code/railroad/caches/journal-1)
01:45:47.425 [DEBUG] [org.gradle.cache.internal.DefaultFileLockManager] Releasing lock on journal cache (/Users/psadavartia/Documents/code/railroad/caches/journal-1).
Daemon vm is shutting down... The daemon has exited normally or was terminated in response to a user interrupt.
01:45:47.427 [DEBUG] [org.gradle.launcher.daemon.registry.PersistentDaemonRegistry] Removing daemon address: [52de7372-b895-423c-91f3-e77b5800bbd2 port:57164, addresses:[/0:0:0:0:0:0:0:1, /127.0.0.1]]
01:45:47.427 [DEBUG] [org.gradle.cache.internal.DefaultFileLockManager] Waiting to acquire exclusive lock on daemon addresses registry.
01:45:47.427 [DEBUG] [org.gradle.cache.internal.DefaultFileLockManager] Lock acquired on daemon addresses registry.
01:45:47.427 [DEBUG] [org.gradle.cache.internal.DefaultFileLockManager] Releasing lock on daemon addresses registry.
